TN:
SF:src\ingredienteService.js
FNF:0
FNH:0
DA:1,2
LF:1
LH:1
BRF:0
BRH:0
end_of_record
TN:
SF:src\spoonacularClient.js
FNF:0
FNH:0
DA:1,2
LF:1
LH:1
BRF:0
BRH:0
end_of_record
TN:
SF:src\traductorService.js
FNF:0
FNH:0
DA:1,2
LF:1
LH:1
BRF:0
BRH:0
end_of_record
TN:
SF:src\services\ingredienteService.js
FN:11,obtenerTodosLosIngredientes
FN:33,obtenerIngredientesAgrupadosPorCategoria
FN:68,obtenerIngredientesPorIds
FN:97,obtenerIngredientePorId
FNF:4
FNH:4
FNDA:2,obtenerTodosLosIngredientes
FNDA:3,obtenerIngredientesAgrupadosPorCategoria
FNDA:3,obtenerIngredientesPorIds
FNDA:2,obtenerIngredientePorId
DA:1,2
DA:12,2
DA:13,2
DA:22,1
DA:24,1
DA:25,1
DA:34,3
DA:35,3
DA:49,2
DA:50,2
DA:51,3
DA:52,2
DA:56,2
DA:58,1
DA:59,1
DA:69,3
DA:70,1
DA:73,2
DA:74,2
DA:85,1
DA:87,1
DA:88,1
DA:98,2
DA:99,2
DA:107,1
DA:109,1
DA:110,1
DA:114,2
LF:28
LH:28
BRDA:51,0,0,2
BRDA:51,0,1,1
BRDA:51,1,0,3
BRDA:51,1,1,3
BRDA:69,2,0,1
BRDA:69,2,1,2
BRDA:69,3,0,3
BRDA:69,3,1,3
BRF:8
BRH:8
end_of_record
TN:
SF:src\services\spoonacularClient.js
FN:67,traducirIngredienteAIngles
FN:77,obtenerDetalleReceta
FN:129,buscarRecetasPorIngredientes
FNF:3
FNH:3
FNDA:2,traducirIngredienteAIngles
FNDA:3,obtenerDetalleReceta
FNDA:7,buscarRecetasPorIngredientes
DA:1,2
DA:2,2
DA:8,2
DA:9,2
DA:12,2
DA:68,2
DA:69,2
DA:78,3
DA:79,3
DA:81,3
DA:86,2
DA:89,2
DA:91,2
DA:93,1
DA:97,1
DA:100,2
DA:101,1
DA:105,1
DA:109,2
DA:110,1
DA:111,1
DA:112,1
DA:116,2
DA:118,1
DA:119,1
DA:130,7
DA:131,2
DA:134,5
DA:135,5
DA:136,5
DA:138,5
DA:149,4
DA:152,4
DA:153,3
DA:155,3
DA:156,2
DA:157,2
DA:158,2
DA:162,3
DA:163,2
DA:164,2
DA:165,2
DA:170,4
DA:172,1
DA:173,1
DA:177,2
LF:46
LH:46
BRDA:8,0,0,2
BRDA:8,0,1,2
BRDA:9,1,0,2
BRDA:9,1,1,2
BRDA:69,2,0,2
BRDA:69,2,1,1
BRDA:91,3,0,1
BRDA:91,3,1,1
BRDA:100,4,0,1
BRDA:100,4,1,1
BRDA:109,5,0,1
BRDA:109,5,1,1
BRDA:129,6,0,1
BRDA:130,7,0,2
BRDA:130,7,1,5
BRDA:130,8,0,7
BRDA:130,8,1,6
BRDA:155,9,0,2
BRDA:155,9,1,1
BRDA:162,10,0,2
BRDA:162,10,1,1
BRF:21
BRH:21
end_of_record
TN:
SF:src\services\traductorService.js
FN:82,traducirFragmento
FN:135,buscarTraduccionParcial
FN:151,traducirTextoLargo
FN:187,traducir
FN:204,traducirIngrediente
FN:212,traducirDescripcionIngrediente
FN:220,traducirTituloReceta
FN:228,limpiarCache
FNF:8
FNH:8
FNDA:30,traducirFragmento
FNDA:8,buscarTraduccionParcial
FNDA:3,traducirTextoLargo
FNDA:14,traducir
FNDA:3,traducirIngrediente
FNDA:3,traducirDescripcionIngrediente
FNDA:3,traducirTituloReceta
FNDA:27,limpiarCache
DA:1,2
DA:9,2
DA:10,2
DA:13,2
DA:16,2
DA:83,30
DA:84,3
DA:87,27
DA:88,27
DA:91,27
DA:92,3
DA:96,24
DA:97,1
DA:98,1
DA:99,1
DA:102,23
DA:103,23
DA:111,20
DA:112,17
DA:115,17
DA:120,15
DA:121,15
DA:125,3
DA:129,8
DA:136,8
DA:138,8
DA:139,122
DA:140,6
DA:141,6
DA:145,2
DA:152,3
DA:153,3
DA:154,3
DA:156,3
DA:157,33
DA:158,2
DA:159,1
DA:160,1
DA:163,2
DA:164,2
DA:165,4
DA:167,31
DA:168,2
DA:169,2
DA:171,29
DA:175,3
DA:176,1
DA:179,3
DA:188,14
DA:189,3
DA:192,11
DA:194,11
DA:195,3
DA:198,8
DA:205,3
DA:206,1
DA:213,3
DA:214,1
DA:221,3
DA:222,1
DA:229,27
DA:232,2
LF:62
LH:62
BRDA:83,0,0,3
BRDA:83,0,1,27
BRDA:83,1,0,30
BRDA:83,1,1,27
BRDA:91,2,0,3
BRDA:91,2,1,24
BRDA:96,3,0,1
BRDA:96,3,1,23
BRDA:111,4,0,17
BRDA:111,4,1,3
BRDA:111,5,0,20
BRDA:111,5,1,19
BRDA:111,5,2,17
BRDA:115,6,0,15
BRDA:115,6,1,2
BRDA:116,7,0,17
BRDA:116,7,1,17
BRDA:116,7,2,16
BRDA:139,8,0,6
BRDA:139,8,1,116
BRDA:157,9,0,2
BRDA:157,9,1,31
BRDA:158,10,0,1
BRDA:158,10,1,1
BRDA:167,11,0,2
BRDA:167,11,1,29
BRDA:171,12,0,27
BRDA:171,12,1,2
BRDA:175,13,0,1
BRDA:175,13,1,2
BRDA:188,14,0,3
BRDA:188,14,1,11
BRDA:188,15,0,14
BRDA:188,15,1,12
BRDA:194,16,0,3
BRDA:194,16,1,8
BRDA:205,17,0,2
BRDA:205,17,1,1
BRDA:213,18,0,2
BRDA:213,18,1,1
BRDA:221,19,0,2
BRDA:221,19,1,1
BRF:42
BRH:42
end_of_record
